# JRE version: Java(TM) SE Runtime Environment (8.0_60-b27) (build 1.8.0_60-b27)
# Java VM: Java HotSpot(TM) 64-Bit Server VM (25.60-b23 mixed mode windows-amd64 compressed oops)
Heap:
 PSYoungGen      total 243200K, used 206226K [0x00000000d5d00000, 0x00000000eb880000, 0x0000000100000000)
  eden space 232448K, 88% used [0x00000000d5d00000,0x00000000e2664820,0x00000000e4000000)
  from space 10752K, 0% used [0x00000000e4000000,0x00000000e4000000,0x00000000e4a80000)
  to   space 14848K, 0% used [0x00000000eaa00000,0x00000000eaa00000,0x00000000eb880000)
 ParOldGen       total 87552K, used 24520K [0x0000000081600000, 0x0000000086b80000, 0x00000000d5d00000)
  object space 87552K, 28% used [0x0000000081600000,0x0000000082df22b0,0x0000000086b80000)
 Metaspace       used 47176K, capacity 47644K, committed 48000K, reserved 1091584K
  class space    used 6090K, capacity 6203K, committed 6272K, reserved 1048576K
GC Heap History (10 events):
Event: 4.033 GC heap before
{Heap before GC invocations=7 (full 1):
 PSYoungGen      total 141824K, used 5194K [0x00000000d5d00000, 0x00000000df100000, 0x0000000100000000)
  eden space 133120K, 0% used [0x00000000d5d00000,0x00000000d5d00000,0x00000000ddf00000)
  from space 8704K, 59% used [0x00000000de880000,0x00000000ded92968,0x00000000df100000)
  to   space 9216K, 0% used [0x00000000ddf00000,0x00000000ddf00000,0x00000000de800000)
 ParOldGen       total 87552K, used 7191K [0x0000000081600000, 0x0000000086b80000, 0x00000000d5d00000)
  object space 87552K, 8% used [0x0000000081600000,0x0000000081d05d78,0x0000000086b80000)
 Metaspace       used 20844K, capacity 21092K, committed 21296K, reserved 1069056K
  class space    used 2494K, capacity 2567K, committed 2688K, reserved 1048576K
Event: 4.095 GC heap after
Heap after GC invocations=7 (full 1):
 PSYoungGen      total 141824K, used 0K [0x00000000d5d00000, 0x00000000df100000, 0x0000000100000000)
  eden space 133120K, 0% used [0x00000000d5d00000,0x00000000d5d00000,0x00000000ddf00000)
  from space 8704K, 0% used [0x00000000de880000,0x00000000de880000,0x00000000df100000)
  to   space 9216K, 0% used [0x00000000ddf00000,0x00000000ddf00000,0x00000000de800000)
 ParOldGen       total 51712K, used 7575K [0x0000000081600000, 0x0000000084880000, 0x00000000d5d00000)
  object space 51712K, 14% used [0x0000000081600000,0x0000000081d65e60,0x0000000084880000)
 Metaspace       used 20844K, capacity 21092K, committed 21296K, reserved 1069056K
  class space    used 2494K, capacity 2567K, committed 2688K, reserved 1048576K
}
Event: 5.291 GC heap before
{Heap before GC invocations=8 (full 1):
 PSYoungGen      total 141824K, used 133120K [0x00000000d5d00000, 0x00000000df100000, 0x0000000100000000)
  eden space 133120K, 100% used [0x00000000d5d00000,0x00000000ddf00000,0x00000000ddf00000)
  from space 8704K, 0% used [0x00000000de880000,0x00000000de880000,0x00000000df100000)
  to   space 9216K, 0% used [0x00000000ddf00000,0x00000000ddf00000,0x00000000de800000)
 ParOldGen       total 51712K, used 7575K [0x0000000081600000, 0x0000000084880000, 0x00000000d5d00000)
  object space 51712K, 14% used [0x0000000081600000,0x0000000081d65e60,0x0000000084880000)
 Metaspace       used 22266K, capacity 22548K, committed 22704K, reserved 1069056K
  class space    used 2699K, capacity 2767K, committed 2816K, reserved 1048576K
Event: 5.301 GC heap after
Heap after GC invocations=8 (full 1):
 PSYoungGen      total 142336K, used 6961K [0x00000000d5d00000, 0x00000000e5500000, 0x0000000100000000)
  eden space 133120K, 0% used [0x00000000d5d00000,0x00000000d5d00000,0x00000000ddf00000)
  from space 9216K, 75% used [0x00000000ddf00000,0x00000000de5cc7b0,0x00000000de800000)
  to   space 9216K, 0% used [0x00000000e4c00000,0x00000000e4c00000,0x00000000e5500000)
 ParOldGen       total 51712K, used 7583K [0x0000000081600000, 0x0000000084880000, 0x00000000d5d00000)
  object space 51712K, 14% used [0x0000000081600000,0x0000000081d67e60,0x0000000084880000)
 Metaspace       used 22266K, capacity 22548K, committed 22704K, reserved 1069056K
  class space    used 2699K, capacity 2767K, committed 2816K, reserved 1048576K
}
Event: 7.070 GC heap before
{Heap before GC invocations=9 (full 1):
 PSYoungGen      total 142336K, used 140081K [0x00000000d5d00000, 0x00000000e5500000, 0x0000000100000000)
  eden space 133120K, 100% used [0x00000000d5d00000,0x00000000ddf00000,0x00000000ddf00000)
  from space 9216K, 75% used [0x00000000ddf00000,0x00000000de5cc7b0,0x00000000de800000)
  to   space 9216K, 0% used [0x00000000e4c00000,0x00000000e4c00000,0x00000000e5500000)
 ParOldGen       total 51712K, used 7583K [0x0000000081600000, 0x0000000084880000, 0x00000000d5d00000)
  object space 51712K, 14% used [0x0000000081600000,0x0000000081d67e60,0x0000000084880000)
 Metaspace       used 28220K, capacity 28564K, committed 28800K, reserved 1075200K
  class space    used 3538K, capacity 3647K, committed 3712K, reserved 1048576K
Event: 7.090 GC heap after
Heap after GC invocations=9 (full 1):
 PSYoungGen      total 239616K, used 9199K [0x00000000d5d00000, 0x00000000e5500000, 0x0000000100000000)
  eden space 230400K, 0% used [0x00000000d5d00000,0x00000000d5d00000,0x00000000e3e00000)
  from space 9216K, 99% used [0x00000000e4c00000,0x00000000e54fbd60,0x00000000e5500000)
  to   space 10752K, 0% used [0x00000000e4000000,0x00000000e4000000,0x00000000e4a80000)
 ParOldGen       total 51712K, used 8488K [0x0000000081600000, 0x0000000084880000, 0x00000000d5d00000)
  object space 51712K, 16% used [0x0000000081600000,0x0000000081e4a270,0x0000000084880000)
 Metaspace       used 28220K, capacity 28564K, committed 28800K, reserved 1075200K
  class space    used 3538K, capacity 3647K, committed 3712K, reserved 1048576K
}
Event: 9.116 GC heap before
{Heap before GC invocations=10 (full 1):
 PSYoungGen      total 239616K, used 176351K [0x00000000d5d00000, 0x00000000e5500000, 0x0000000100000000)
  eden space 230400K, 72% used [0x00000000d5d00000,0x00000000e003c0c8,0x00000000e3e00000)
  from space 9216K, 99% used [0x00000000e4c00000,0x00000000e54fbd60,0x00000000e5500000)
  to   space 10752K, 0% used [0x00000000e4000000,0x00000000e4000000,0x00000000e4a80000)
 ParOldGen       total 51712K, used 8488K [0x0000000081600000, 0x0000000084880000, 0x00000000d5d00000)
  object space 51712K, 16% used [0x0000000081600000,0x0000000081e4a270,0x0000000084880000)
 Metaspace       used 34878K, capacity 35238K, committed 35456K, reserved 1079296K
  class space    used 4493K, capacity 4610K, committed 4736K, reserved 1048576K
Event: 9.147 GC heap after
Heap after GC invocations=10 (full 1):
 PSYoungGen      total 243200K, used 10735K [0x00000000d5d00000, 0x00000000eb880000, 0x0000000100000000)
  eden space 232448K, 0% used [0x00000000d5d00000,0x00000000d5d00000,0x00000000e4000000)
  from space 10752K, 99% used [0x00000000e4000000,0x00000000e4a7bd60,0x00000000e4a80000)
  to   space 14848K, 0% used [0x00000000eaa00000,0x00000000eaa00000,0x00000000eb880000)
 ParOldGen       total 51712K, used 15267K [0x0000000081600000, 0x0000000084880000, 0x00000000d5d00000)
  object space 51712K, 29% used [0x0000000081600000,0x00000000824e8e40,0x0000000084880000)
 Metaspace       used 34878K, capacity 35238K, committed 35456K, reserved 1079296K
  class space    used 4493K, capacity 4610K, committed 4736K, reserved 1048576K
}
Event: 9.147 GC heap before
{Heap before GC invocations=11 (full 2):
 PSYoungGen      total 243200K, used 10735K [0x00000000d5d00000, 0x00000000eb880000, 0x0000000100000000)
  eden space 232448K, 0% used [0x00000000d5d00000,0x00000000d5d00000,0x00000000e4000000)
  from space 10752K, 99% used [0x00000000e4000000,0x00000000e4a7bd60,0x00000000e4a80000)
  to   space 14848K, 0% used [0x00000000eaa00000,0x00000000eaa00000,0x00000000eb880000)
 ParOldGen       total 51712K, used 15267K [0x0000000081600000, 0x0000000084880000, 0x00000000d5d00000)
  object space 51712K, 29% used [0x0000000081600000,0x00000000824e8e40,0x0000000084880000)
 Metaspace       used 34878K, capacity 35238K, committed 35456K, reserved 1079296K
  class space    used 4493K, capacity 4610K, committed 4736K, reserved 1048576K
Event: 9.335 GC heap after
Heap after GC invocations=11 (full 2):
 PSYoungGen      total 243200K, used 0K [0x00000000d5d00000, 0x00000000eb880000, 0x0000000100000000)
  eden space 232448K, 0% used [0x00000000d5d00000,0x00000000d5d00000,0x00000000e4000000)
  from space 10752K, 0% used [0x00000000e4000000,0x00000000e4000000,0x00000000e4a80000)
  to   space 14848K, 0% used [0x00000000eaa00000,0x00000000eaa00000,0x00000000eb880000)
 ParOldGen       total 87552K, used 24520K [0x0000000081600000, 0x0000000086b80000, 0x00000000d5d00000)
  object space 87552K, 28% used [0x0000000081600000,0x0000000082df22b0,0x0000000086b80000)
 Metaspace       used 34878K, capacity 35238K, committed 35456K, reserved 1079296K
  class space    used 4493K, capacity 4610K, committed 4736K, reserved 1048576K
}

